<?xml version="1.0" encoding="UTF-8"?>
<!-- Generated by org.testng.reporters.JUnitXMLReporter -->
<testsuite ignored="0" hostname="kokosPC" failures="0" tests="2" name="Surefire test" time="47.189" errors="0" timestamp="2023-01-10T14:17:38 MSK">
  <testcase classname="framework.test.CalculatorPageTest" name="actualAndExpectedCalculatorComponentsTest" time="16.389"/>
  <testcase classname="framework.test.InboxPageTest" name="estimatePriceEquityTest" time="28.349"/>
</testsuite> <!-- Surefire test -->
