<?xml version="1.0" encoding="UTF-8"?>
<!-- Generated by org.testng.reporters.JUnitXMLReporter -->
<testsuite ignored="0" hostname="kokosPC" failures="0" tests="2" name="Surefire test" time="49.234" errors="0" timestamp="2023-01-11T15:25:16 MSK">
  <testcase classname="framework.test.CalculatorPageTest" name="actualAndExpectedCalculatorComponentsTest" time="16.992"/>
  <testcase classname="framework.test.InboxPageTest" name="estimatePriceEquityTest" time="29.816"/>
</testsuite> <!-- Surefire test -->
