<?xml version="1.0" encoding="UTF-8"?>
<testng-results ignored="0" total="2" passed="2" failed="0" skipped="0">
  <reporter-output>
  </reporter-output>
  <suite started-at="2023-01-11T15:24:27 MSK" name="Surefire suite" finished-at="2023-01-11T15:25:16 MSK" duration-ms="49234">
    <groups>
    </groups>
    <test started-at="2023-01-11T15:24:27 MSK" name="Surefire test" finished-at="2023-01-11T15:25:16 MSK" duration-ms="49234">
      <class name="framework.test.CalculatorPageTest">
        <test-method is-config="true" signature="setUp()[pri:0, instance:framework.test.CalculatorPageTest@23f7d05d]" started-at="2023-01-11T15:24:27 MSK" name="setUp" finished-at="2023-01-11T15:24:28 MSK" duration-ms="1476" status="PASS">
          <reporter-output>
          </reporter-output>
        </test-method> <!-- setUp -->
        <test-method is-config="true" signature="setUpModel()[pri:0, instance:framework.test.CalculatorPageTest@23f7d05d]" started-at="2023-01-11T15:24:28 MSK" name="setUpModel" finished-at="2023-01-11T15:24:28 MSK" duration-ms="4" status="PASS">
          <reporter-output>
          </reporter-output>
        </test-method> <!-- setUpModel -->
        <test-method signature="actualAndExpectedCalculatorComponentsTest()[pri:0, instance:framework.test.CalculatorPageTest@23f7d05d]" started-at="2023-01-11T15:24:28 MSK" name="actualAndExpectedCalculatorComponentsTest" finished-at="2023-01-11T15:24:45 MSK" duration-ms="16992" status="PASS">
          <reporter-output>
          </reporter-output>
        </test-method> <!-- actualAndExpectedCalculatorComponentsTest -->
        <test-method is-config="true" signature="stopBrowser()[pri:0, instance:framework.test.CalculatorPageTest@23f7d05d]" started-at="2023-01-11T15:24:45 MSK" name="stopBrowser" finished-at="2023-01-11T15:24:45 MSK" duration-ms="140" status="PASS">
          <reporter-output>
          </reporter-output>
        </test-method> <!-- stopBrowser -->
      </class> <!-- framework.test.CalculatorPageTest -->
      <class name="framework.test.InboxPageTest">
        <test-method is-config="true" signature="setUp()[pri:0, instance:framework.test.InboxPageTest@159f197]" started-at="2023-01-11T15:24:45 MSK" name="setUp" finished-at="2023-01-11T15:24:46 MSK" duration-ms="657" status="PASS">
          <reporter-output>
          </reporter-output>
        </test-method> <!-- setUp -->
        <test-method signature="estimatePriceEquityTest()[pri:0, instance:framework.test.InboxPageTest@159f197]" started-at="2023-01-11T15:24:46 MSK" name="estimatePriceEquityTest" finished-at="2023-01-11T15:25:16 MSK" duration-ms="29816" status="PASS">
          <reporter-output>
          </reporter-output>
        </test-method> <!-- estimatePriceEquityTest -->
        <test-method is-config="true" signature="setUpModel()[pri:0, instance:framework.test.InboxPageTest@159f197]" started-at="2023-01-11T15:24:46 MSK" name="setUpModel" finished-at="2023-01-11T15:24:46 MSK" duration-ms="0" status="PASS">
          <reporter-output>
          </reporter-output>
        </test-method> <!-- setUpModel -->
        <test-method is-config="true" signature="stopBrowser()[pri:0, instance:framework.test.InboxPageTest@159f197]" started-at="2023-01-11T15:25:16 MSK" name="stopBrowser" finished-at="2023-01-11T15:25:16 MSK" duration-ms="130" status="PASS">
          <reporter-output>
          </reporter-output>
        </test-method> <!-- stopBrowser -->
      </class> <!-- framework.test.InboxPageTest -->
    </test> <!-- Surefire test -->
  </suite> <!-- Surefire suite -->
</testng-results>
