<?xml version="1.0" encoding="UTF-8"?>
<testng-results ignored="0" total="2" passed="2" failed="0" skipped="0">
  <reporter-output>
  </reporter-output>
  <suite started-at="2023-01-10T14:16:51 MSK" name="Surefire suite" finished-at="2023-01-10T14:17:38 MSK" duration-ms="47189">
    <groups>
    </groups>
    <test started-at="2023-01-10T14:16:51 MSK" name="Surefire test" finished-at="2023-01-10T14:17:38 MSK" duration-ms="47189">
      <class name="framework.test.CalculatorPageTest">
        <test-method is-config="true" signature="setUp()[pri:0, instance:framework.test.CalculatorPageTest@23f7d05d]" started-at="2023-01-10T14:16:51 MSK" name="setUp" finished-at="2023-01-10T14:16:52 MSK" duration-ms="1486" status="PASS">
          <reporter-output>
          </reporter-output>
        </test-method> <!-- setUp -->
        <test-method is-config="true" signature="setUpModel()[pri:0, instance:framework.test.CalculatorPageTest@23f7d05d]" started-at="2023-01-10T14:16:52 MSK" name="setUpModel" finished-at="2023-01-10T14:16:52 MSK" duration-ms="5" status="PASS">
          <reporter-output>
          </reporter-output>
        </test-method> <!-- setUpModel -->
        <test-method signature="actualAndExpectedCalculatorComponentsTest()[pri:0, instance:framework.test.CalculatorPageTest@23f7d05d]" started-at="2023-01-10T14:16:52 MSK" name="actualAndExpectedCalculatorComponentsTest" finished-at="2023-01-10T14:17:09 MSK" duration-ms="16389" status="PASS">
          <reporter-output>
          </reporter-output>
        </test-method> <!-- actualAndExpectedCalculatorComponentsTest -->
        <test-method is-config="true" signature="stopBrowser()[pri:0, instance:framework.test.CalculatorPageTest@23f7d05d]" started-at="2023-01-10T14:17:09 MSK" name="stopBrowser" finished-at="2023-01-10T14:17:09 MSK" duration-ms="163" status="PASS">
          <reporter-output>
          </reporter-output>
        </test-method> <!-- stopBrowser -->
      </class> <!-- framework.test.CalculatorPageTest -->
      <class name="framework.test.InboxPageTest">
        <test-method is-config="true" signature="setUp()[pri:0, instance:framework.test.InboxPageTest@159f197]" started-at="2023-01-10T14:17:09 MSK" name="setUp" finished-at="2023-01-10T14:17:09 MSK" duration-ms="661" status="PASS">
          <reporter-output>
          </reporter-output>
        </test-method> <!-- setUp -->
        <test-method signature="estimatePriceEquityTest()[pri:0, instance:framework.test.InboxPageTest@159f197]" started-at="2023-01-10T14:17:09 MSK" name="estimatePriceEquityTest" finished-at="2023-01-10T14:17:38 MSK" duration-ms="28349" status="PASS">
          <reporter-output>
          </reporter-output>
        </test-method> <!-- estimatePriceEquityTest -->
        <test-method is-config="true" signature="setUpModel()[pri:0, instance:framework.test.InboxPageTest@159f197]" started-at="2023-01-10T14:17:09 MSK" name="setUpModel" finished-at="2023-01-10T14:17:09 MSK" duration-ms="0" status="PASS">
          <reporter-output>
          </reporter-output>
        </test-method> <!-- setUpModel -->
        <test-method is-config="true" signature="stopBrowser()[pri:0, instance:framework.test.InboxPageTest@159f197]" started-at="2023-01-10T14:17:38 MSK" name="stopBrowser" finished-at="2023-01-10T14:17:38 MSK" duration-ms="118" status="PASS">
          <reporter-output>
          </reporter-output>
        </test-method> <!-- stopBrowser -->
      </class> <!-- framework.test.InboxPageTest -->
    </test> <!-- Surefire test -->
  </suite> <!-- Surefire suite -->
</testng-results>
